2021-12-31 15:59:15,626 - conftest - INFO - Requested configfile path : C:\Users\Goodwin\Documents\FaceBookApp\Configuration\config.json
2021-12-31 15:59:15,627 - conftest - INFO - Requested configfile path : chrome
2021-12-31 15:59:15,627 - conftest - INFO - Getting test details for chrome
2021-12-31 15:59:15,628 - conftest - INFO - Requested validator : {'test_case_1': {'title_name': 'Facebook'}, 'test_case_2': {'title_name': 'Facebook – log in or sign up'}}
2021-12-31 15:59:15,629 - Utility - INFO - Requested base_url : https://www.facebook.com/
2021-12-31 15:59:15,631 - Utility - INFO - Requested User_name : 9363262047
2021-12-31 15:59:15,632 - Utility - INFO - Requested Password : goodwin
2021-12-31 15:59:17,120 - conftest - INFO - created chrome driver
2021-12-31 15:59:17,121 - Test_01 - INFO - *************** Test_001_Login *****************
2021-12-31 15:59:17,121 - Test_01 - INFO - ****Started Home page title test ****
2021-12-31 15:59:18,243 - Test_01 - INFO - ****Home page title test passed****
2021-12-31 15:59:18,383 - conftest - INFO - Requested configfile path : C:\Users\Goodwin\Documents\FaceBookApp\Configuration\config.json
2021-12-31 15:59:18,383 - conftest - INFO - Requested configfile path : chrome
2021-12-31 15:59:18,383 - conftest - INFO - Getting test details for chrome
2021-12-31 15:59:18,384 - conftest - INFO - Requested validator : {'test_case_1': {'title_name': 'Facebook'}, 'test_case_2': {'title_name': 'Facebook – log in or sign up'}}
2021-12-31 15:59:18,386 - Utility - INFO - Requested base_url : https://www.facebook.com/
2021-12-31 15:59:18,387 - Utility - INFO - Requested User_name : 9363262047
2021-12-31 15:59:18,387 - Utility - INFO - Requested Password : goodwin
2021-12-31 15:59:19,829 - conftest - INFO - created chrome driver
2021-12-31 15:59:19,829 - Test_01 - INFO - ************** test login began **************
2021-12-31 15:59:20,999 - Login_Page_object - INFO - ********* Driver recieved ***********
2021-12-31 15:59:21,000 - Login_Page_object - INFO - clearing text_box_user_id
2021-12-31 15:59:21,033 - Login_Page_object - INFO - passing user_id
2021-12-31 15:59:21,076 - Login_Page_object - INFO - clearing pasword_text_box
2021-12-31 15:59:21,107 - Login_Page_object - INFO - passing password
2021-12-31 15:59:21,162 - Login_Page_object - INFO - selecting login_in_button
