2021-12-31 13:10:30,172 - conftest - INFO - Requested configfile path : C:\Users\Goodwin\Documents\FaceBookApp\Configuration\config.json
2021-12-31 13:10:30,180 - Utility - INFO - Requested base_url : https://www.facebook.com/
2021-12-31 13:10:30,180 - Utility - INFO - Requested User_name : 9363262047
2021-12-31 13:10:30,181 - Utility - INFO - Requested Password : goodwin
2021-12-31 13:10:30,181 - conftest - INFO - Requested configfile path : chrome
2021-12-31 13:10:31,780 - conftest - INFO - created chrome driver
2021-12-31 13:10:31,780 - conftest - INFO - Getting test details for chrome
2021-12-31 13:10:31,781 - conftest - INFO - Requested validator : {'test_case_1': {'title_name': 'Facebook'}, 'test_case_2': {'title_name': 'Facebook – log in or sign up'}}
2021-12-31 13:10:31,781 - Test_01 - INFO - *************** Test_001_Login *****************
2021-12-31 13:10:31,781 - Test_01 - INFO - ****Started Home page title test ****
2021-12-31 13:10:33,098 - conftest - INFO - Requested configfile path : C:\Users\Goodwin\Documents\FaceBookApp\Configuration\config.json
2021-12-31 13:10:33,099 - Utility - INFO - Requested base_url : https://www.facebook.com/
2021-12-31 13:10:33,100 - Utility - INFO - Requested User_name : 9363262047
2021-12-31 13:10:33,101 - Utility - INFO - Requested Password : goodwin
2021-12-31 13:10:33,101 - conftest - INFO - Requested configfile path : chrome
2021-12-31 13:10:34,610 - conftest - INFO - created chrome driver
2021-12-31 13:10:34,611 - Test_01 - INFO - ************** test login began **************
2021-12-31 13:10:35,848 - Login_Page_object - INFO - ********* Driver recieved ***********
2021-12-31 13:10:35,848 - Login_Page_object - INFO - clearing text_box_user_id
2021-12-31 13:10:35,901 - Login_Page_object - INFO - passing user_id
2021-12-31 13:10:35,971 - Login_Page_object - INFO - clearing pasword_text_box
2021-12-31 13:10:36,012 - Login_Page_object - INFO - passing password
2021-12-31 13:10:36,076 - Login_Page_object - INFO - selecting login_in_button
