2021-12-31 06:45:46,622 - conftest - INFO - Requested configfile path : C:\Users\Goodwin\Documents\FaceBookApp\Configuration\config.json
2021-12-31 06:45:46,623 - Utility - INFO - Requested base_url : https://www.facebook.com/
2021-12-31 06:45:46,624 - Utility - INFO - Requested User_name : 9363262047
2021-12-31 06:45:46,625 - Utility - INFO - Requested Password : goodwin
2021-12-31 06:45:48,084 - conftest - INFO - created chrome driver
2021-12-31 06:45:48,084 - Test_01 - INFO - *************** Test_001_Login *****************
2021-12-31 06:45:48,085 - Test_01 - INFO - ****Started Home page title test ****
2021-12-31 06:45:49,219 - Test_01 - INFO - ****Home page title test passed****
2021-12-31 06:45:49,350 - conftest - INFO - Requested configfile path : C:\Users\Goodwin\Documents\FaceBookApp\Configuration\config.json
2021-12-31 06:45:49,351 - Utility - INFO - Requested base_url : https://www.facebook.com/
2021-12-31 06:45:49,352 - Utility - INFO - Requested User_name : 9363262047
2021-12-31 06:45:49,353 - Utility - INFO - Requested Password : goodwin
2021-12-31 06:45:50,759 - conftest - INFO - created chrome driver
2021-12-31 06:45:50,760 - Test_01 - INFO - ************** test login began **************
2021-12-31 06:45:51,790 - Login_Page_object - INFO - ********* Driver recieved ***********
2021-12-31 06:45:51,791 - Login_Page_object - INFO - clearing text_box_user_id
2021-12-31 06:45:51,825 - Login_Page_object - INFO - passing user_id
2021-12-31 06:45:51,869 - Login_Page_object - INFO - clearing pasword_text_box
2021-12-31 06:45:51,901 - Login_Page_object - INFO - passing password
2021-12-31 06:45:51,954 - Login_Page_object - INFO - selecting login_in_button
