2021-12-31 06:53:55,732 - conftest - INFO - Requested configfile path : C:\Users\Goodwin\Documents\FaceBookApp\Configuration\config.json
2021-12-31 06:53:55,733 - Utility - INFO - Requested base_url : https://www.facebook.com/
2021-12-31 06:53:55,734 - Utility - INFO - Requested User_name : 9363262047
2021-12-31 06:53:55,735 - Utility - INFO - Requested Password : goodwin
2021-12-31 06:53:57,223 - conftest - INFO - created chrome driver
2021-12-31 06:53:57,225 - Test_01 - INFO - *************** Test_001_Login *****************
2021-12-31 06:53:57,226 - Test_01 - INFO - ****Started Home page title test ****
2021-12-31 06:53:58,353 - Test_01 - INFO - ****Home page title test passed****
2021-12-31 06:53:58,488 - conftest - INFO - Requested configfile path : C:\Users\Goodwin\Documents\FaceBookApp\Configuration\config.json
2021-12-31 06:53:58,490 - Utility - INFO - Requested base_url : https://www.facebook.com/
2021-12-31 06:53:58,491 - Utility - INFO - Requested User_name : 9363262047
2021-12-31 06:53:58,492 - Utility - INFO - Requested Password : goodwin
2021-12-31 06:53:59,939 - conftest - INFO - created chrome driver
2021-12-31 06:53:59,940 - Test_01 - INFO - ************** test login began **************
2021-12-31 06:54:00,960 - Login_Page_object - INFO - ********* Driver recieved ***********
2021-12-31 06:54:00,960 - Login_Page_object - INFO - clearing text_box_user_id
2021-12-31 06:54:00,995 - Login_Page_object - INFO - passing user_id
2021-12-31 06:54:01,046 - Login_Page_object - INFO - clearing pasword_text_box
2021-12-31 06:54:01,081 - Login_Page_object - INFO - passing password
2021-12-31 06:54:01,140 - Login_Page_object - INFO - selecting login_in_button
