2021-12-31 13:17:58,783 - conftest - INFO - Requested configfile path : C:\Users\Goodwin\Documents\FaceBookApp\Configuration\config.json
2021-12-31 13:17:58,784 - conftest - INFO - Requested configfile path : chrome
2021-12-31 13:17:58,784 - conftest - INFO - Getting test details for chrome
2021-12-31 13:17:58,791 - conftest - INFO - Requested validator : {'test_case_1': {'title_name': 'Facebook'}, 'test_case_2': {'title_name': 'Facebook - log in or sign up'}}
2021-12-31 13:17:58,792 - Utility - INFO - Requested base_url : https://www.facebook.com/
2021-12-31 13:17:58,793 - Utility - INFO - Requested User_name : 9363262047
2021-12-31 13:17:58,794 - Utility - INFO - Requested Password : goodwin
2021-12-31 13:18:00,327 - conftest - INFO - created chrome driver
2021-12-31 13:18:00,328 - Test_01 - INFO - *************** Test_001_Login *****************
2021-12-31 13:18:00,329 - Test_01 - INFO - ****Started Home page title test ****
2021-12-31 13:18:01,430 - Test_01 - INFO - ****Home page title test passed****
2021-12-31 13:18:01,565 - conftest - INFO - Requested configfile path : C:\Users\Goodwin\Documents\FaceBookApp\Configuration\config.json
2021-12-31 13:18:01,566 - conftest - INFO - Requested configfile path : chrome
2021-12-31 13:18:01,566 - conftest - INFO - Getting test details for chrome
2021-12-31 13:18:01,567 - conftest - INFO - Requested validator : {'test_case_1': {'title_name': 'Facebook'}, 'test_case_2': {'title_name': 'Facebook - log in or sign up'}}
2021-12-31 13:18:01,569 - Utility - INFO - Requested base_url : https://www.facebook.com/
2021-12-31 13:18:01,570 - Utility - INFO - Requested User_name : 9363262047
2021-12-31 13:18:01,571 - Utility - INFO - Requested Password : goodwin
2021-12-31 13:18:02,979 - conftest - INFO - created chrome driver
2021-12-31 13:18:02,980 - Test_01 - INFO - ************** test login began **************
2021-12-31 13:18:04,033 - Login_Page_object - INFO - ********* Driver recieved ***********
2021-12-31 13:18:04,034 - Login_Page_object - INFO - clearing text_box_user_id
2021-12-31 13:18:04,072 - Login_Page_object - INFO - passing user_id
2021-12-31 13:18:04,115 - Login_Page_object - INFO - clearing pasword_text_box
2021-12-31 13:18:04,148 - Login_Page_object - INFO - passing password
2021-12-31 13:18:04,203 - Login_Page_object - INFO - selecting login_in_button
2021-12-31 13:18:09,957 - Test_01 - ERROR - Actual Title is not same as:  Facebook – log in or sign up
