2021-12-31 14:19:12,608 - conftest - INFO - Requested configfile path : C:\Users\Goodwin\Documents\FaceBookApp\Configuration\config.json
2021-12-31 14:19:12,609 - conftest - INFO - Requested configfile path : firefox
2021-12-31 14:19:12,617 - conftest - INFO - Getting test details for firefox
2021-12-31 14:19:12,618 - conftest - INFO - Requested validator : {'test_case_1': {'title_name': 'Facebook'}, 'test_case_2': {'title_name': 'Facebook'}}
2021-12-31 14:19:12,619 - Utility - INFO - Requested base_url : https://www.facebook.com/
2021-12-31 14:19:12,620 - Utility - INFO - Requested User_name : 9363262047
2021-12-31 14:19:12,621 - Utility - INFO - Requested Password : goodwin
2021-12-31 14:19:19,335 - conftest - INFO - created firefox driver
2021-12-31 14:19:19,336 - Test_01 - INFO - *************** Test_001_Login *****************
2021-12-31 14:19:19,337 - Test_01 - INFO - ****Started Home page title test ****
2021-12-31 14:19:20,865 - Test_01 - INFO - ****Home page title test passed****
2021-12-31 14:19:21,788 - conftest - INFO - Requested configfile path : C:\Users\Goodwin\Documents\FaceBookApp\Configuration\config.json
2021-12-31 14:19:21,789 - conftest - INFO - Requested configfile path : firefox
2021-12-31 14:19:21,790 - conftest - INFO - Getting test details for firefox
2021-12-31 14:19:21,790 - conftest - INFO - Requested validator : {'test_case_1': {'title_name': 'Facebook'}, 'test_case_2': {'title_name': 'Facebook'}}
2021-12-31 14:19:21,791 - Utility - INFO - Requested base_url : https://www.facebook.com/
2021-12-31 14:19:21,792 - Utility - INFO - Requested User_name : 9363262047
2021-12-31 14:19:21,793 - Utility - INFO - Requested Password : goodwin
2021-12-31 14:19:28,482 - conftest - INFO - created firefox driver
2021-12-31 14:19:28,482 - Test_01 - INFO - ************** test login began **************
2021-12-31 14:19:29,955 - Login_Page_object - INFO - ********* Driver recieved ***********
2021-12-31 14:19:29,956 - Login_Page_object - INFO - clearing text_box_user_id
2021-12-31 14:19:29,997 - Login_Page_object - INFO - passing user_id
2021-12-31 14:19:30,040 - Login_Page_object - INFO - clearing pasword_text_box
2021-12-31 14:19:30,051 - Login_Page_object - INFO - passing password
2021-12-31 14:19:30,075 - Login_Page_object - INFO - selecting login_in_button
