2021-12-31 15:55:00,585 - conftest - INFO - Requested configfile path : C:\Users\Goodwin\Documents\FaceBookApp\Configuration\config.json
2021-12-31 15:55:00,585 - conftest - INFO - Requested configfile path : chrome
2021-12-31 15:55:00,585 - conftest - INFO - Requested configfile path : chrome
2021-12-31 15:55:00,586 - conftest - INFO - Getting test details for chrome
2021-12-31 15:55:00,586 - conftest - INFO - Getting test details for chrome
2021-12-31 15:55:00,594 - conftest - INFO - Requested validator : {'test_case_1': {'title_name': 'Facebook'}, 'test_case_2': {'title_name': 'Facebook  log in or sign up'}}
2021-12-31 15:55:00,595 - Utility - INFO - Requested base_url : https://www.facebook.com/
2021-12-31 15:55:00,595 - Utility - INFO - Requested base_url : https://www.facebook.com/
2021-12-31 15:55:00,595 - Utility - INFO - Requested User_name : 9363262047
2021-12-31 15:55:00,595 - Utility - INFO - Requested User_name : 9363262047
2021-12-31 15:55:00,595 - Utility - INFO - Requested Password : goodwin
2021-12-31 15:55:00,596 - Utility - INFO - Requested Password : goodwin
2021-12-31 15:55:02,496 - conftest - INFO - created chrome driver
2021-12-31 15:55:02,498 - Test_01 - INFO - *************** Test_001_Login *****************
2021-12-31 15:55:02,498 - Test_01 - INFO - ****Started Home page title test ****
2021-12-31 15:55:02,610 - conftest - INFO - created chrome driver
2021-12-31 15:55:02,612 - Test_01 - INFO - ************** test login began **************
2021-12-31 15:55:03,842 - Test_01 - INFO - ****Home page title test passed****
2021-12-31 15:55:03,894 - Login_Page_object - INFO - ********* Driver recieved ***********
2021-12-31 15:55:03,894 - Login_Page_object - INFO - clearing text_box_user_id
2021-12-31 15:55:03,966 - Login_Page_object - INFO - passing user_id
2021-12-31 15:55:04,058 - Login_Page_object - INFO - clearing pasword_text_box
2021-12-31 15:55:04,103 - Login_Page_object - INFO - passing password
2021-12-31 15:55:04,163 - Login_Page_object - INFO - selecting login_in_button
