2021-12-31 06:54:43,865 - conftest - INFO - Requested configfile path : C:\Users\Goodwin\Documents\FaceBookApp\Configuration\config.json
2021-12-31 06:54:43,866 - Utility - INFO - Requested base_url : https://www.facebook.com/
2021-12-31 06:54:43,867 - Utility - INFO - Requested User_name : 9363262047
2021-12-31 06:54:43,868 - Utility - INFO - Requested Password : goodwin
2021-12-31 06:54:45,330 - conftest - INFO - created chrome driver
2021-12-31 06:54:45,332 - Test_01 - INFO - *************** Test_001_Login *****************
2021-12-31 06:54:45,332 - Test_01 - INFO - ****Started Home page title test ****
2021-12-31 06:54:46,567 - Test_01 - INFO - ****Home page title test passed****
2021-12-31 06:54:46,708 - conftest - INFO - Requested configfile path : C:\Users\Goodwin\Documents\FaceBookApp\Configuration\config.json
2021-12-31 06:54:46,709 - Utility - INFO - Requested base_url : https://www.facebook.com/
2021-12-31 06:54:46,710 - Utility - INFO - Requested User_name : 9363262047
2021-12-31 06:54:46,711 - Utility - INFO - Requested Password : goodwin
2021-12-31 06:54:48,126 - conftest - INFO - created chrome driver
2021-12-31 06:54:48,127 - Test_01 - INFO - ************** test login began **************
2021-12-31 06:54:49,269 - Login_Page_object - INFO - ********* Driver recieved ***********
2021-12-31 06:54:49,269 - Login_Page_object - INFO - clearing text_box_user_id
2021-12-31 06:54:49,304 - Login_Page_object - INFO - passing user_id
2021-12-31 06:54:49,348 - Login_Page_object - INFO - clearing pasword_text_box
2021-12-31 06:54:49,379 - Login_Page_object - INFO - passing password
2021-12-31 06:54:49,430 - Login_Page_object - INFO - selecting login_in_button
