2022-01-03 09:38:42,368 - test_login_DDT - INFO - ******* Starting Test_002_DDT_Login Test **********
2022-01-03 09:38:42,368 - test_login_DDT - INFO - ******* Starting Login DDT Test **********
2022-01-03 09:38:49,798 - Login_Page_object - INFO - ********* Driver recieved ***********
2022-01-03 09:38:49,843 - Login_Page_object - INFO - clearing text_box_user_id
2022-01-03 09:38:49,892 - Login_Page_object - INFO - passing user_id
2022-01-03 09:38:49,954 - Login_Page_object - INFO - clearing pasword_text_box
2022-01-03 09:38:50,001 - Login_Page_object - INFO - passing password
2022-01-03 09:38:50,043 - Login_Page_object - INFO - selecting login_in_button
2022-01-03 09:38:59,580 - test_login_DDT - INFO - **** passed ****
2022-01-03 09:38:59,580 - Login_Page_object - INFO - selecting login_out_button
2022-01-03 09:39:01,490 - Login_Page_object - INFO - clearing text_box_user_id
2022-01-03 09:39:01,521 - Login_Page_object - INFO - passing user_id
2022-01-03 09:39:01,573 - Login_Page_object - INFO - clearing pasword_text_box
2022-01-03 09:39:01,607 - Login_Page_object - INFO - passing password
2022-01-03 09:39:01,645 - Login_Page_object - INFO - selecting login_in_button
2022-01-03 09:39:07,199 - test_login_DDT - INFO - **** passed ****
2022-01-03 09:39:07,221 - Login_Page_object - INFO - clearing text_box_user_id
2022-01-03 09:39:07,254 - Login_Page_object - INFO - passing user_id
2022-01-03 09:39:07,305 - Login_Page_object - INFO - clearing pasword_text_box
2022-01-03 09:39:07,341 - Login_Page_object - INFO - passing password
2022-01-03 09:39:07,382 - Login_Page_object - INFO - selecting login_in_button
