2021-12-31 15:59:34,198 - conftest - INFO - Requested configfile path : C:\Users\Goodwin\Documents\FaceBookApp\Configuration\config.json
2021-12-31 15:59:34,198 - conftest - INFO - Requested configfile path : firefox
2021-12-31 15:59:34,199 - conftest - INFO - Getting test details for firefox
2021-12-31 15:59:34,199 - conftest - INFO - Requested validator : {'test_case_1': {'title_name': 'Facebook'}, 'test_case_2': {'title_name': 'Facebook'}}
2021-12-31 15:59:34,201 - Utility - INFO - Requested base_url : https://www.facebook.com/
2021-12-31 15:59:34,202 - Utility - INFO - Requested User_name : 9363262047
2021-12-31 15:59:34,203 - Utility - INFO - Requested Password : goodwin
2021-12-31 15:59:41,599 - conftest - INFO - created firefox driver
2021-12-31 15:59:41,601 - Test_01 - INFO - *************** Test_001_Login *****************
2021-12-31 15:59:41,601 - Test_01 - INFO - ****Started Home page title test ****
2021-12-31 15:59:43,455 - Test_01 - INFO - ****Home page title test passed****
2021-12-31 15:59:44,390 - conftest - INFO - Requested configfile path : C:\Users\Goodwin\Documents\FaceBookApp\Configuration\config.json
2021-12-31 15:59:44,391 - conftest - INFO - Requested configfile path : firefox
2021-12-31 15:59:44,391 - conftest - INFO - Getting test details for firefox
2021-12-31 15:59:44,392 - conftest - INFO - Requested validator : {'test_case_1': {'title_name': 'Facebook'}, 'test_case_2': {'title_name': 'Facebook'}}
2021-12-31 15:59:44,392 - Utility - INFO - Requested base_url : https://www.facebook.com/
2021-12-31 15:59:44,393 - Utility - INFO - Requested User_name : 9363262047
2021-12-31 15:59:44,393 - Utility - INFO - Requested Password : goodwin
2021-12-31 15:59:50,584 - conftest - INFO - created firefox driver
2021-12-31 15:59:50,585 - Test_01 - INFO - ************** test login began **************
2021-12-31 15:59:52,166 - Login_Page_object - INFO - ********* Driver recieved ***********
2021-12-31 15:59:52,166 - Login_Page_object - INFO - clearing text_box_user_id
2021-12-31 15:59:52,211 - Login_Page_object - INFO - passing user_id
2021-12-31 15:59:52,265 - Login_Page_object - INFO - clearing pasword_text_box
2021-12-31 15:59:52,277 - Login_Page_object - INFO - passing password
2021-12-31 15:59:52,307 - Login_Page_object - INFO - selecting login_in_button
