2021-12-31 15:55:32,451 - conftest - INFO - Requested configfile path : C:\Users\Goodwin\Documents\FaceBookApp\Configuration\config.json
2021-12-31 15:55:32,451 - conftest - INFO - Requested configfile path : chrome
2021-12-31 15:55:32,451 - conftest - INFO - Requested configfile path : chrome
2021-12-31 15:55:32,451 - conftest - INFO - Getting test details for chrome
2021-12-31 15:55:32,452 - conftest - INFO - Getting test details for chrome
2021-12-31 15:55:32,452 - conftest - INFO - Requested validator : {'test_case_1': {'title_name': 'Facebook'}, 'test_case_2': {'title_name': 'Facebook  log in or sign up'}}
2021-12-31 15:55:32,452 - conftest - INFO - Requested validator : {'test_case_1': {'title_name': 'Facebook'}, 'test_case_2': {'title_name': 'Facebook  log in or sign up'}}
2021-12-31 15:55:32,453 - Utility - INFO - Requested base_url : https://www.facebook.com/
2021-12-31 15:55:32,453 - Utility - INFO - Requested User_name : 9363262047
2021-12-31 15:55:32,453 - Utility - INFO - Requested User_name : 9363262047
2021-12-31 15:55:32,454 - Utility - INFO - Requested Password : goodwin
2021-12-31 15:55:32,454 - Utility - INFO - Requested Password : goodwin
2021-12-31 15:55:34,358 - conftest - INFO - created chrome driver
2021-12-31 15:55:34,360 - Test_01 - INFO - ************** test login began **************
2021-12-31 15:55:34,408 - conftest - INFO - created chrome driver
2021-12-31 15:55:34,410 - Test_01 - INFO - *************** Test_001_Login *****************
2021-12-31 15:55:34,414 - Test_01 - INFO - ****Started Home page title test ****
2021-12-31 15:55:35,672 - Login_Page_object - INFO - ********* Driver recieved ***********
2021-12-31 15:55:35,672 - Login_Page_object - INFO - clearing text_box_user_id
2021-12-31 15:55:35,764 - Login_Page_object - INFO - passing user_id
2021-12-31 15:55:35,870 - Login_Page_object - INFO - clearing pasword_text_box
2021-12-31 15:55:35,921 - Login_Page_object - INFO - passing password
2021-12-31 15:55:36,001 - Login_Page_object - INFO - selecting login_in_button
