2021-12-31 09:01:56,103 - conftest - INFO - Requested configfile path : C:\Users\Goodwin\Documents\FaceBookApp\Configuration\config.json
2021-12-31 09:01:56,105 - Utility - INFO - Requested base_url : https://www.facebook.com/
2021-12-31 09:01:56,105 - Utility - INFO - Requested User_name : 9363262047
2021-12-31 09:01:56,106 - Utility - INFO - Requested Password : goodwin
2021-12-31 09:01:56,106 - conftest - INFO - Requested configfile path : firefox
2021-12-31 09:02:02,941 - conftest - INFO - created firefox driver
2021-12-31 09:02:02,942 - Test_01 - INFO - *************** Test_001_Login *****************
2021-12-31 09:02:02,942 - Test_01 - INFO - ****Started Home page title test ****
2021-12-31 09:02:03,020 - conftest - INFO - Requested configfile path : C:\Users\Goodwin\Documents\FaceBookApp\Configuration\config.json
2021-12-31 09:02:03,021 - Utility - INFO - Requested base_url : https://www.facebook.com/
2021-12-31 09:02:03,022 - Utility - INFO - Requested User_name : 9363262047
2021-12-31 09:02:03,023 - Utility - INFO - Requested Password : goodwin
2021-12-31 09:02:03,024 - conftest - INFO - Requested configfile path : firefox
2021-12-31 09:02:09,712 - conftest - INFO - created firefox driver
2021-12-31 09:02:09,713 - Test_01 - INFO - ************** test login began **************
2021-12-31 09:02:11,543 - Login_Page_object - INFO - ********* Driver recieved ***********
2021-12-31 09:02:11,544 - Login_Page_object - INFO - clearing text_box_user_id
2021-12-31 09:02:11,572 - Login_Page_object - INFO - passing user_id
2021-12-31 09:02:11,621 - Login_Page_object - INFO - clearing pasword_text_box
2021-12-31 09:02:11,639 - Login_Page_object - INFO - passing password
2021-12-31 09:02:11,677 - Login_Page_object - INFO - selecting login_in_button
2021-12-31 09:02:18,861 - Test_01 - ERROR - Actual Title is not same as:  Facebook
