2021-12-31 15:57:31,603 - conftest - INFO - Requested configfile path : C:\Users\Goodwin\Documents\FaceBookApp\Configuration\config.json
2021-12-31 15:57:31,604 - conftest - INFO - Requested configfile path : chrome
2021-12-31 15:57:31,604 - conftest - INFO - Requested configfile path : chrome
2021-12-31 15:57:31,604 - conftest - INFO - Getting test details for chrome
2021-12-31 15:57:31,604 - conftest - INFO - Getting test details for chrome
2021-12-31 15:57:31,605 - conftest - INFO - Requested validator : {'test_case_1': {'title_name': 'Facebook'}, 'test_case_2': {'title_name': 'Facebook  log in or sign up'}}
2021-12-31 15:57:31,605 - conftest - INFO - Requested validator : {'test_case_1': {'title_name': 'Facebook'}, 'test_case_2': {'title_name': 'Facebook  log in or sign up'}}
2021-12-31 15:57:31,605 - Utility - INFO - Requested base_url : https://www.facebook.com/
2021-12-31 15:57:31,606 - Utility - INFO - Requested User_name : 9363262047
2021-12-31 15:57:31,606 - Utility - INFO - Requested User_name : 9363262047
2021-12-31 15:57:31,606 - Utility - INFO - Requested Password : goodwin
2021-12-31 15:57:31,606 - Utility - INFO - Requested Password : goodwin
2021-12-31 15:57:33,588 - conftest - INFO - created chrome driver
2021-12-31 15:57:33,591 - Test_01 - INFO - ************** test login began **************
2021-12-31 15:57:33,635 - conftest - INFO - created chrome driver
2021-12-31 15:57:33,637 - Test_01 - INFO - *************** Test_001_Login *****************
2021-12-31 15:57:33,638 - Test_01 - INFO - ****Started Home page title test ****
2021-12-31 15:57:34,987 - Test_01 - INFO - ****Home page title test passed****
2021-12-31 15:57:35,017 - Login_Page_object - INFO - ********* Driver recieved ***********
2021-12-31 15:57:35,017 - Login_Page_object - INFO - clearing text_box_user_id
2021-12-31 15:57:35,093 - Login_Page_object - INFO - passing user_id
2021-12-31 15:57:35,185 - Login_Page_object - INFO - clearing pasword_text_box
2021-12-31 15:57:35,246 - Login_Page_object - INFO - passing password
2021-12-31 15:57:35,334 - Login_Page_object - INFO - selecting login_in_button
