2021-12-31 15:45:33,192 - conftest - INFO - Requested configfile path : C:\Users\Goodwin\Documents\FaceBookApp\Configuration\config.json
2021-12-31 15:45:33,192 - conftest - INFO - Requested configfile path : chrome
2021-12-31 15:45:33,193 - conftest - INFO - Getting test details for chrome
2021-12-31 15:45:33,193 - conftest - INFO - Requested validator : {'test_case_1': {'title_name': 'Facebook'}, 'test_case_2': {'title_name': 'Facebook – log in or sign up'}}
2021-12-31 15:45:33,195 - Utility - INFO - Requested base_url : https://www.facebook.com/
2021-12-31 15:45:33,195 - Utility - INFO - Requested User_name : 9363262047
2021-12-31 15:45:33,196 - Utility - INFO - Requested Password : goodwin
2021-12-31 15:45:35,512 - conftest - INFO - created chrome driver
2021-12-31 15:45:35,513 - Test_01 - INFO - *************** Test_001_Login *****************
2021-12-31 15:45:35,513 - Test_01 - INFO - ****Started Home page title test ****
2021-12-31 15:45:36,649 - Test_01 - INFO - ****Home page title test passed****
2021-12-31 15:45:36,813 - conftest - INFO - Requested configfile path : C:\Users\Goodwin\Documents\FaceBookApp\Configuration\config.json
2021-12-31 15:45:36,813 - conftest - INFO - Requested configfile path : chrome
2021-12-31 15:45:36,813 - conftest - INFO - Getting test details for chrome
2021-12-31 15:45:36,814 - conftest - INFO - Requested validator : {'test_case_1': {'title_name': 'Facebook'}, 'test_case_2': {'title_name': 'Facebook – log in or sign up'}}
2021-12-31 15:45:36,815 - Utility - INFO - Requested base_url : https://www.facebook.com/
2021-12-31 15:45:36,816 - Utility - INFO - Requested User_name : 9363262047
2021-12-31 15:45:36,817 - Utility - INFO - Requested Password : goodwin
2021-12-31 15:45:38,248 - conftest - INFO - created chrome driver
2021-12-31 15:45:38,249 - Test_01 - INFO - ************** test login began **************
2021-12-31 15:45:39,324 - Login_Page_object - INFO - ********* Driver recieved ***********
2021-12-31 15:45:39,324 - Login_Page_object - INFO - clearing text_box_user_id
2021-12-31 15:45:39,360 - Login_Page_object - INFO - passing user_id
2021-12-31 15:45:39,403 - Login_Page_object - INFO - clearing pasword_text_box
2021-12-31 15:45:39,436 - Login_Page_object - INFO - passing password
2021-12-31 15:45:39,488 - Login_Page_object - INFO - selecting login_in_button
