2021-12-31 15:58:30,887 - conftest - INFO - Requested configfile path : C:\Users\Goodwin\Documents\FaceBookApp\Configuration\config.json
2021-12-31 15:58:30,888 - conftest - INFO - Requested configfile path : chrome
2021-12-31 15:58:30,888 - conftest - INFO - Requested configfile path : chrome
2021-12-31 15:58:30,888 - conftest - INFO - Getting test details for chrome
2021-12-31 15:58:30,888 - conftest - INFO - Getting test details for chrome
2021-12-31 15:58:30,888 - conftest - INFO - Requested validator : {'test_case_1': {'title_name': 'Facebook'}, 'test_case_2': {'title_name': 'Facebook  log in or sign up'}}
2021-12-31 15:58:30,888 - conftest - INFO - Requested validator : {'test_case_1': {'title_name': 'Facebook'}, 'test_case_2': {'title_name': 'Facebook  log in or sign up'}}
2021-12-31 15:58:30,889 - Utility - INFO - Requested base_url : https://www.facebook.com/
2021-12-31 15:58:30,889 - Utility - INFO - Requested base_url : https://www.facebook.com/
2021-12-31 15:58:30,889 - Utility - INFO - Requested User_name : 9363262047
2021-12-31 15:58:30,890 - Utility - INFO - Requested User_name : 9363262047
2021-12-31 15:58:30,890 - Utility - INFO - Requested Password : goodwin
2021-12-31 15:58:30,890 - Utility - INFO - Requested Password : goodwin
2021-12-31 15:58:32,805 - conftest - INFO - created chrome driver
2021-12-31 15:58:32,807 - Test_01 - INFO - ************** test login began **************
2021-12-31 15:58:32,840 - conftest - INFO - created chrome driver
2021-12-31 15:58:32,842 - Test_01 - INFO - *************** Test_001_Login *****************
2021-12-31 15:58:32,842 - Test_01 - INFO - ****Started Home page title test ****
2021-12-31 15:58:34,216 - Test_01 - INFO - ****Home page title test passed****
2021-12-31 15:58:34,470 - Login_Page_object - INFO - ********* Driver recieved ***********
2021-12-31 15:58:34,471 - Login_Page_object - INFO - clearing text_box_user_id
2021-12-31 15:58:34,539 - Login_Page_object - INFO - passing user_id
2021-12-31 15:58:34,609 - Login_Page_object - INFO - clearing pasword_text_box
2021-12-31 15:58:34,650 - Login_Page_object - INFO - passing password
2021-12-31 15:58:34,711 - Login_Page_object - INFO - selecting login_in_button
