2021-12-31 13:26:44,098 - conftest - INFO - Requested configfile path : C:\Users\Goodwin\Documents\FaceBookApp\Configuration\config.json
2021-12-31 13:26:44,099 - conftest - INFO - Requested configfile path : chrome
2021-12-31 13:26:44,099 - conftest - INFO - Getting test details for chrome
2021-12-31 13:26:44,101 - conftest - INFO - Requested validator : {'test_case_1': {'title_name': 'Facebook'}, 'test_case_2': {'title_name': 'Facebook – log in or sign up'}}
2021-12-31 13:26:44,102 - Utility - INFO - Requested base_url : https://www.facebook.com/
2021-12-31 13:26:44,103 - Utility - INFO - Requested User_name : 9363262047
2021-12-31 13:26:44,104 - Utility - INFO - Requested Password : goodwin
2021-12-31 13:26:45,589 - conftest - INFO - created chrome driver
2021-12-31 13:26:45,589 - Test_01 - INFO - *************** Test_001_Login *****************
2021-12-31 13:26:45,589 - Test_01 - INFO - ****Started Home page title test ****
2021-12-31 13:26:46,643 - Test_01 - INFO - ****Home page title test passed****
2021-12-31 13:26:46,790 - conftest - INFO - Requested configfile path : C:\Users\Goodwin\Documents\FaceBookApp\Configuration\config.json
2021-12-31 13:26:46,791 - conftest - INFO - Requested configfile path : chrome
2021-12-31 13:26:46,791 - conftest - INFO - Getting test details for chrome
2021-12-31 13:26:46,792 - conftest - INFO - Requested validator : {'test_case_1': {'title_name': 'Facebook'}, 'test_case_2': {'title_name': 'Facebook – log in or sign up'}}
2021-12-31 13:26:46,794 - Utility - INFO - Requested base_url : https://www.facebook.com/
2021-12-31 13:26:46,795 - Utility - INFO - Requested User_name : 9363262047
2021-12-31 13:26:46,796 - Utility - INFO - Requested Password : goodwin
2021-12-31 13:26:48,213 - conftest - INFO - created chrome driver
2021-12-31 13:26:48,214 - Test_01 - INFO - ************** test login began **************
2021-12-31 13:26:49,213 - Login_Page_object - INFO - ********* Driver recieved ***********
2021-12-31 13:26:49,214 - Login_Page_object - INFO - clearing text_box_user_id
2021-12-31 13:26:49,247 - Login_Page_object - INFO - passing user_id
2021-12-31 13:26:49,294 - Login_Page_object - INFO - clearing pasword_text_box
2021-12-31 13:26:49,326 - Login_Page_object - INFO - passing password
2021-12-31 13:26:49,377 - Login_Page_object - INFO - selecting login_in_button
