2021-12-31 09:03:02,631 - conftest - INFO - Requested configfile path : C:\Users\Goodwin\Documents\FaceBookApp\Configuration\config.json
2021-12-31 09:03:02,632 - Utility - INFO - Requested base_url : https://www.facebook.com/
2021-12-31 09:03:02,633 - Utility - INFO - Requested User_name : 9363262047
2021-12-31 09:03:02,634 - Utility - INFO - Requested Password : goodwin
2021-12-31 09:03:02,635 - conftest - INFO - Requested configfile path : chrome
2021-12-31 09:03:04,257 - conftest - INFO - created chrome driver
2021-12-31 09:03:04,258 - Test_01 - INFO - *************** Test_001_Login *****************
2021-12-31 09:03:04,258 - Test_01 - INFO - ****Started Home page title test ****
2021-12-31 09:03:04,332 - conftest - INFO - Requested configfile path : C:\Users\Goodwin\Documents\FaceBookApp\Configuration\config.json
2021-12-31 09:03:04,333 - Utility - INFO - Requested base_url : https://www.facebook.com/
2021-12-31 09:03:04,334 - Utility - INFO - Requested User_name : 9363262047
2021-12-31 09:03:04,335 - Utility - INFO - Requested Password : goodwin
2021-12-31 09:03:04,337 - conftest - INFO - Requested configfile path : chrome
2021-12-31 09:03:05,761 - conftest - INFO - created chrome driver
2021-12-31 09:03:05,762 - Test_01 - INFO - ************** test login began **************
2021-12-31 09:03:07,087 - Login_Page_object - INFO - ********* Driver recieved ***********
2021-12-31 09:03:07,088 - Login_Page_object - INFO - clearing text_box_user_id
2021-12-31 09:03:07,133 - Login_Page_object - INFO - passing user_id
2021-12-31 09:03:07,182 - Login_Page_object - INFO - clearing pasword_text_box
2021-12-31 09:03:07,219 - Login_Page_object - INFO - passing password
2021-12-31 09:03:07,275 - Login_Page_object - INFO - selecting login_in_button
